Clock: clk
Sources: clk 
Generated: no
Virtual: yes
Propagated: no
Period: 10.000000

===========================================================================
report_clock_properties
============================================================================
Clock                   Period          Waveform
----------------------------------------------------
clk                  10.000000    0.000000  5.000000

===========================================================================
report_clock_latency
============================================================================
Clock clk
rise -> rise
    min     max
0.000000 0.000000 source latency
0.377744         network latency _1818_/CLK
        0.402450 network latency _1850_/CLK
---------------
0.377744 0.402450 latency
        0.024707 skew

fall -> fall
    min     max
0.000000 0.000000 source latency
0.364619         network latency _1818_/CLK
        0.383011 network latency _1850_/CLK
---------------
0.364619 0.383011 latency
        0.018392 skew



===========================================================================
report_clock_min_period
============================================================================
clk period_min = 4.56 fmax = 219.32
