Clock: clk
Sources: clk 
Generated: no
Virtual: yes
Propagated: no
Period: 10.000000

===========================================================================
report_clock_properties
============================================================================
Clock                   Period          Waveform
----------------------------------------------------
clk                  10.000000    0.000000  5.000000

===========================================================================
report_clock_latency
============================================================================
Clock clk
rise -> rise
    min     max
0.000000 0.000000 source latency
0.647762         network latency _1818_/CLK
        0.681899 network latency _1850_/CLK
---------------
0.647762 0.681899 latency
        0.034137 skew

fall -> fall
    min     max
0.000000 0.000000 source latency
0.632769         network latency _1818_/CLK
        0.658365 network latency _1850_/CLK
---------------
0.632769 0.658365 latency
        0.025597 skew



===========================================================================
report_clock_min_period
============================================================================
clk period_min = 9.08 fmax = 110.14
