Clock: clk
Sources: clk 
Generated: no
Virtual: yes
Propagated: no
Period: 10.000000

===========================================================================
report_clock_properties
============================================================================
Clock                   Period          Waveform
----------------------------------------------------
clk                  10.000000    0.000000  5.000000

===========================================================================
report_clock_latency
============================================================================
Clock clk
rise -> rise
    min     max
0.000000 0.000000 source latency
0.635199         network latency _1818_/CLK
        0.665119 network latency _1850_/CLK
---------------
0.635199 0.665119 latency
        0.029920 skew

fall -> fall
    min     max
0.000000 0.000000 source latency
0.622773         network latency _1818_/CLK
        0.644811 network latency _1850_/CLK
---------------
0.622773 0.644811 latency
        0.022038 skew



===========================================================================
report_clock_min_period
============================================================================
clk period_min = 9.03 fmax = 110.78
