Clock: clk
Sources: clk 
Generated: no
Virtual: yes
Propagated: no
Period: 10.000000

===========================================================================
report_clock_properties
============================================================================
Clock                   Period          Waveform
----------------------------------------------------
clk                  10.000000    0.000000  5.000000

===========================================================================
report_clock_latency
============================================================================
Clock clk
rise -> rise
    min     max
0.000000 0.000000 source latency
0.624556         network latency _1818_/CLK
        0.650948 network latency _1850_/CLK
---------------
0.624556 0.650948 latency
        0.026393 skew

fall -> fall
    min     max
0.000000 0.000000 source latency
0.614629         network latency _1818_/CLK
        0.633916 network latency _1850_/CLK
---------------
0.614629 0.633916 latency
        0.019287 skew



===========================================================================
report_clock_min_period
============================================================================
clk period_min = 8.98 fmax = 111.34
