Clock: clk
Sources: clk 
Generated: no
Virtual: yes
Propagated: no
Period: 10.000000

===========================================================================
report_clock_properties
============================================================================
Clock                   Period          Waveform
----------------------------------------------------
clk                  10.000000    0.000000  5.000000

===========================================================================
report_clock_latency
============================================================================
Clock clk
rise -> rise
    min     max
0.000000 0.000000 source latency
0.257841         network latency _1818_/CLK
        0.274772 network latency _1850_/CLK
---------------
0.257841 0.274772 latency
        0.016931 skew

fall -> fall
    min     max
0.000000 0.000000 source latency
0.248462         network latency _1818_/CLK
        0.260526 network latency _1850_/CLK
---------------
0.248462 0.260526 latency
        0.012064 skew



===========================================================================
report_clock_min_period
============================================================================
clk period_min = 2.76 fmax = 361.86
